Info: Starting: Create block symbol file (.bsf)
Info: qsys-generate C:\Users\Wisse\Documents\Quartus\pingpong-o-matic\DE2_115_QSYS.qsys --block-symbol-file --output-directory=C:\Users\Wisse\Documents\Quartus\pingpong-o-matic\DE2_115_QSYS --family="Cyclone IV E" --part=EP4CE115F29C7
Progress: Loading pingpong-o-matic/DE2_115_QSYS.qsys
Progress: Reading input file
Progress: Adding clk_50 [clock_source 16.1]
Progress: Parameterizing module clk_50
Progress: Adding jtag_uart [altera_avalon_jtag_uart 16.1]
Progress: Parameterizing module jtag_uart
Progress: Adding led [altera_avalon_pio 16.1]
Progress: Parameterizing module led
Progress: Adding nios2_qsys [altera_nios2_gen2 16.1]
Progress: Parameterizing module nios2_qsys
Progress: Adding onchip_memory2 [altera_avalon_onchip_memory2 16.1]
Progress: Parameterizing module onchip_memory2
Progress: Adding sysid_qsys [altera_avalon_sysid_qsys 16.1]
Progress: Parameterizing module sysid_qsys
Progress: Building connections
Progress: Parameterizing connections
Progress: Validating
Progress: Done reading input file
Info: DE2_115_QSYS.jtag_uart: JTAG UART IP input clock need to be at least double (2x) the operating frequency of JTAG TCK on board
Info: DE2_115_QSYS.sysid_qsys: System ID is not assigned automatically. Edit the System ID parameter to provide a unique ID
Info: DE2_115_QSYS.sysid_qsys: Time stamp will be automatically updated when this component is generated.
Info: qsys-generate succeeded.
Info: Finished: Create block symbol file (.bsf)
Info: 
Info: Starting: Create HDL design files for synthesis
Info: qsys-generate C:\Users\Wisse\Documents\Quartus\pingpong-o-matic\DE2_115_QSYS.qsys --synthesis=VERILOG --output-directory=C:\Users\Wisse\Documents\Quartus\pingpong-o-matic\DE2_115_QSYS\synthesis --family="Cyclone IV E" --part=EP4CE115F29C7
Progress: Loading pingpong-o-matic/DE2_115_QSYS.qsys
Progress: Reading input file
Progress: Adding clk_50 [clock_source 16.1]
Progress: Parameterizing module clk_50
Progress: Adding jtag_uart [altera_avalon_jtag_uart 16.1]
Progress: Parameterizing module jtag_uart
Progress: Adding led [altera_avalon_pio 16.1]
Progress: Parameterizing module led
Progress: Adding nios2_qsys [altera_nios2_gen2 16.1]
Progress: Parameterizing module nios2_qsys
Progress: Adding onchip_memory2 [altera_avalon_onchip_memory2 16.1]
Progress: Parameterizing module onchip_memory2
Progress: Adding sysid_qsys [altera_avalon_sysid_qsys 16.1]
Progress: Parameterizing module sysid_qsys
Progress: Building connections
Progress: Parameterizing connections
Progress: Validating
Progress: Done reading input file
Info: DE2_115_QSYS.jtag_uart: JTAG UART IP input clock need to be at least double (2x) the operating frequency of JTAG TCK on board
Info: DE2_115_QSYS.sysid_qsys: System ID is not assigned automatically. Edit the System ID parameter to provide a unique ID
Info: DE2_115_QSYS.sysid_qsys: Time stamp will be automatically updated when this component is generated.
Info: DE2_115_QSYS: Generating DE2_115_QSYS "DE2_115_QSYS" for QUARTUS_SYNTH
Info: jtag_uart: Starting RTL generation for module 'DE2_115_QSYS_jtag_uart'
Info: jtag_uart:   Generation command is [exec C:/intelfpga_lite/16.1/quartus/bin64/perl/bin/perl.exe -I C:/intelfpga_lite/16.1/quartus/bin64/perl/lib -I C:/intelfpga_lite/16.1/quartus/sopc_builder/bin/europa -I C:/intelfpga_lite/16.1/quartus/sopc_builder/bin/perl_lib -I C:/intelfpga_lite/16.1/quartus/sopc_builder/bin -I C:/intelfpga_lite/16.1/quartus/../ip/altera/sopc_builder_ip/common -I C:/intelfpga_lite/16.1/quartus/../ip/altera/sopc_builder_ip/altera_avalon_jtag_uart -- C:/intelfpga_lite/16.1/quartus/../ip/altera/sopc_builder_ip/altera_avalon_jtag_uart/generate_rtl.pl --name=DE2_115_QSYS_jtag_uart --dir=C:/Users/Wisse/AppData/Local/Temp/alt7295_9027030585393524385.dir/0001_jtag_uart_gen/ --quartus_dir=C:/intelfpga_lite/16.1/quartus --verilog --config=C:/Users/Wisse/AppData/Local/Temp/alt7295_9027030585393524385.dir/0001_jtag_uart_gen//DE2_115_QSYS_jtag_uart_component_configuration.pl  --do_build_sim=0  ]
Info: jtag_uart: Done RTL generation for module 'DE2_115_QSYS_jtag_uart'
Info: jtag_uart: "DE2_115_QSYS" instantiated altera_avalon_jtag_uart "jtag_uart"
Info: led: Starting RTL generation for module 'DE2_115_QSYS_led'
Info: led:   Generation command is [exec C:/intelfpga_lite/16.1/quartus/bin64/perl/bin/perl.exe -I C:/intelfpga_lite/16.1/quartus/bin64/perl/lib -I C:/intelfpga_lite/16.1/quartus/sopc_builder/bin/europa -I C:/intelfpga_lite/16.1/quartus/sopc_builder/bin/perl_lib -I C:/intelfpga_lite/16.1/quartus/sopc_builder/bin -I C:/intelfpga_lite/16.1/quartus/../ip/altera/sopc_builder_ip/common -I C:/intelfpga_lite/16.1/quartus/../ip/altera/sopc_builder_ip/altera_avalon_pio -- C:/intelfpga_lite/16.1/quartus/../ip/altera/sopc_builder_ip/altera_avalon_pio/generate_rtl.pl --name=DE2_115_QSYS_led --dir=C:/Users/Wisse/AppData/Local/Temp/alt7295_9027030585393524385.dir/0002_led_gen/ --quartus_dir=C:/intelfpga_lite/16.1/quartus --verilog --config=C:/Users/Wisse/AppData/Local/Temp/alt7295_9027030585393524385.dir/0002_led_gen//DE2_115_QSYS_led_component_configuration.pl  --do_build_sim=0  ]
Info: led: Done RTL generation for module 'DE2_115_QSYS_led'
Info: led: "DE2_115_QSYS" instantiated altera_avalon_pio "led"
Info: nios2_qsys: "DE2_115_QSYS" instantiated altera_nios2_gen2 "nios2_qsys"
Info: onchip_memory2: Starting RTL generation for module 'DE2_115_QSYS_onchip_memory2'
Info: onchip_memory2:   Generation command is [exec C:/intelfpga_lite/16.1/quartus/bin64/perl/bin/perl.exe -I C:/intelfpga_lite/16.1/quartus/bin64/perl/lib -I C:/intelfpga_lite/16.1/quartus/sopc_builder/bin/europa -I C:/intelfpga_lite/16.1/quartus/sopc_builder/bin/perl_lib -I C:/intelfpga_lite/16.1/quartus/sopc_builder/bin -I C:/intelfpga_lite/16.1/quartus/../ip/altera/sopc_builder_ip/common -I C:/intelfpga_lite/16.1/quartus/../ip/altera/sopc_builder_ip/altera_avalon_onchip_memory2 -- C:/intelfpga_lite/16.1/quartus/../ip/altera/sopc_builder_ip/altera_avalon_onchip_memory2/generate_rtl.pl --name=DE2_115_QSYS_onchip_memory2 --dir=C:/Users/Wisse/AppData/Local/Temp/alt7295_9027030585393524385.dir/0003_onchip_memory2_gen/ --quartus_dir=C:/intelfpga_lite/16.1/quartus --verilog --config=C:/Users/Wisse/AppData/Local/Temp/alt7295_9027030585393524385.dir/0003_onchip_memory2_gen//DE2_115_QSYS_onchip_memory2_component_configuration.pl  --do_build_sim=0  ]
Info: onchip_memory2: Done RTL generation for module 'DE2_115_QSYS_onchip_memory2'
Info: onchip_memory2: "DE2_115_QSYS" instantiated altera_avalon_onchip_memory2 "onchip_memory2"
Info: sysid_qsys: "DE2_115_QSYS" instantiated altera_avalon_sysid_qsys "sysid_qsys"
Info: avalon_st_adapter: Inserting error_adapter: error_adapter_0
Info: avalon_st_adapter_001: Inserting error_adapter: error_adapter_0
Info: avalon_st_adapter_002: Inserting error_adapter: error_adapter_0
Info: avalon_st_adapter_003: Inserting error_adapter: error_adapter_0
Info: avalon_st_adapter_004: Inserting error_adapter: error_adapter_0
Info: mm_interconnect_0: "DE2_115_QSYS" instantiated altera_mm_interconnect "mm_interconnect_0"
Info: irq_mapper: "DE2_115_QSYS" instantiated altera_irq_mapper "irq_mapper"
Info: rst_controller: "DE2_115_QSYS" instantiated altera_reset_controller "rst_controller"
Info: cpu: Starting RTL generation for module 'DE2_115_QSYS_nios2_qsys_cpu'
Info: cpu:   Generation command is [exec C:/intelFPGA_lite/16.1/quartus/bin64//eperlcmd.exe -I C:/intelFPGA_lite/16.1/quartus/bin64//perl/lib -I C:/intelfpga_lite/16.1/quartus/sopc_builder/bin/europa -I C:/intelfpga_lite/16.1/quartus/sopc_builder/bin/perl_lib -I C:/intelfpga_lite/16.1/quartus/sopc_builder/bin -I C:/intelfpga_lite/16.1/quartus/../ip/altera/nios2_ip/altera_nios2_gen2/cpu_lib -I C:/intelfpga_lite/16.1/quartus/../ip/altera/nios2_ip/altera_nios2_gen2/nios_lib -I C:/intelfpga_lite/16.1/quartus/../ip/altera/nios2_ip/altera_nios2_gen2 -I C:/intelfpga_lite/16.1/quartus/../ip/altera/nios2_ip/altera_nios2_gen2 -- C:/intelfpga_lite/16.1/quartus/../ip/altera/nios2_ip/altera_nios2_gen2/generate_rtl.epl --name=DE2_115_QSYS_nios2_qsys_cpu --dir=C:/Users/Wisse/AppData/Local/Temp/alt7295_9027030585393524385.dir/0007_cpu_gen/ --quartus_bindir=C:/intelFPGA_lite/16.1/quartus/bin64/ --verilog --config=C:/Users/Wisse/AppData/Local/Temp/alt7295_9027030585393524385.dir/0007_cpu_gen//DE2_115_QSYS_nios2_qsys_cpu_processor_configuration.pl  --do_build_sim=0  ]
Info: cpu: # 2017.05.09 11:50:54 (*) Starting Nios II generation
Info: cpu: # 2017.05.09 11:50:54 (*)   Checking for plaintext license.
Info: cpu: # 2017.05.09 11:50:55 (*)   Couldn't query license setup in Quartus directory C:/intelFPGA_lite/16.1/quartus/bin64/
Info: cpu: # 2017.05.09 11:50:55 (*)   Defaulting to contents of LM_LICENSE_FILE environment variable
Info: cpu: # 2017.05.09 11:50:55 (*)   LM_LICENSE_FILE environment variable is empty
Info: cpu: # 2017.05.09 11:50:55 (*)   Plaintext license not found.
Info: cpu: # 2017.05.09 11:50:55 (*)   No license required to generate encrypted Nios II/e.
Info: cpu: # 2017.05.09 11:50:55 (*)   Elaborating CPU configuration settings
Info: cpu: # 2017.05.09 11:50:55 (*)   Creating all objects for CPU
Info: cpu: # 2017.05.09 11:50:56 (*)   Generating RTL from CPU objects
Info: cpu: # 2017.05.09 11:50:56 (*)   Creating plain-text RTL
Info: cpu: # 2017.05.09 11:50:57 (*) Done Nios II generation
Info: cpu: Done RTL generation for module 'DE2_115_QSYS_nios2_qsys_cpu'
Info: cpu: "nios2_qsys" instantiated altera_nios2_gen2_unit "cpu"
Info: nios2_qsys_data_master_translator: "mm_interconnect_0" instantiated altera_merlin_master_translator "nios2_qsys_data_master_translator"
Info: jtag_uart_avalon_jtag_slave_translator: "mm_interconnect_0" instantiated altera_merlin_slave_translator "jtag_uart_avalon_jtag_slave_translator"
Info: nios2_qsys_data_master_agent: "mm_interconnect_0" instantiated altera_merlin_master_agent "nios2_qsys_data_master_agent"
Info: jtag_uart_avalon_jtag_slave_agent: "mm_interconnect_0" instantiated altera_merlin_slave_agent "jtag_uart_avalon_jtag_slave_agent"
Info: jtag_uart_avalon_jtag_slave_agent_rsp_fifo: "mm_interconnect_0" instantiated altera_avalon_sc_fifo "jtag_uart_avalon_jtag_slave_agent_rsp_fifo"
Info: router: "mm_interconnect_0" instantiated altera_merlin_router "router"
Info: router_001: "mm_interconnect_0" instantiated altera_merlin_router "router_001"
Info: router_002: "mm_interconnect_0" instantiated altera_merlin_router "router_002"
Info: router_004: "mm_interconnect_0" instantiated altera_merlin_router "router_004"
Info: cmd_demux: "mm_interconnect_0" instantiated altera_merlin_demultiplexer "cmd_demux"
Info: cmd_demux_001: "mm_interconnect_0" instantiated altera_merlin_demultiplexer "cmd_demux_001"
Info: cmd_mux: "mm_interconnect_0" instantiated altera_merlin_multiplexer "cmd_mux"
Info: cmd_mux_002: "mm_interconnect_0" instantiated altera_merlin_multiplexer "cmd_mux_002"
Info: Reusing file C:/Users/Wisse/Documents/Quartus/pingpong-o-matic/DE2_115_QSYS/synthesis/submodules/altera_merlin_arbitrator.sv
Info: rsp_demux: "mm_interconnect_0" instantiated altera_merlin_demultiplexer "rsp_demux"
Info: rsp_mux: "mm_interconnect_0" instantiated altera_merlin_multiplexer "rsp_mux"
Info: Reusing file C:/Users/Wisse/Documents/Quartus/pingpong-o-matic/DE2_115_QSYS/synthesis/submodules/altera_merlin_arbitrator.sv
Info: rsp_mux_001: "mm_interconnect_0" instantiated altera_merlin_multiplexer "rsp_mux_001"
Info: Reusing file C:/Users/Wisse/Documents/Quartus/pingpong-o-matic/DE2_115_QSYS/synthesis/submodules/altera_merlin_arbitrator.sv
Info: avalon_st_adapter: "mm_interconnect_0" instantiated altera_avalon_st_adapter "avalon_st_adapter"
Info: error_adapter_0: "avalon_st_adapter" instantiated error_adapter "error_adapter_0"
Info: DE2_115_QSYS: Done "DE2_115_QSYS" with 28 modules, 41 files
Info: qsys-generate succeeded.
Info: Finished: Create HDL design files for synthesis
